  [1m[35m (4.9ms)[0m  [1m[35mCREATE TABLE "schema_migrations" ("version" varchar NOT NULL PRIMARY KEY)[0m
  [1m[35m (0.2ms)[0m  [1m[35mCREATE TABLE "ar_internal_metadata" ("key" varchar NOT NULL PRIMARY KEY, "value" varchar, "created_at" datetime(6) NOT NULL, "updated_at" datetime(6) NOT NULL)[0m
  [1m[36mActiveRecord::InternalMetadata Load (0.1ms)[0m  [1m[34mSELECT * FROM "ar_internal_metadata" WHERE "ar_internal_metadata"."key" = ? ORDER BY "ar_internal_metadata"."key" ASC LIMIT 1[0m  [[nil, "environment"]]
  [1m[36mActiveRecord::InternalMetadata Create (0.2ms)[0m  [1m[32mINSERT INTO "ar_internal_metadata" ("key", "value", "created_at", "updated_at") VALUES ('environment', 'development', '2024-04-30 08:10:17.292071', '2024-04-30 08:10:17.292075') RETURNING "key"[0m
  [1m[36mActiveRecord::SchemaMigration Load (0.1ms)[0m  [1m[34mSELECT "schema_migrations"."version" FROM "schema_migrations" ORDER BY "schema_migrations"."version" ASC[0m
Migrating to DeviseCreateUsers (20240320080940)
  [1m[36mTRANSACTION (0.1ms)[0m  [1m[36mbegin transaction[0m
  [1m[35m (1.5ms)[0m  [1m[35mCREATE TABLE "users" ("id" integer PRIMARY KEY AUTOINCREMENT NOT NULL, "email" varchar DEFAULT '' NOT NULL, "encrypted_password" varchar DEFAULT '' NOT NULL, "reset_password_token" varchar, "reset_password_sent_at" datetime(6), "remember_created_at" datetime(6), "created_at" datetime(6) NOT NULL, "updated_at" datetime(6) NOT NULL)[0m
  [1m[35m (0.2ms)[0m  [1m[35mCREATE UNIQUE INDEX "index_users_on_email" ON "users" ("email")[0m
  [1m[35m (0.2ms)[0m  [1m[35mCREATE UNIQUE INDEX "index_users_on_reset_password_token" ON "users" ("reset_password_token")[0m
  [1m[36mActiveRecord::SchemaMigration Create (0.2ms)[0m  [1m[32mINSERT INTO "schema_migrations" ("version") VALUES ('20240320080940') RETURNING "version"[0m
  [1m[36mTRANSACTION (0.5ms)[0m  [1m[36mcommit transaction[0m
  [1m[36mActiveRecord::SchemaMigration Load (0.1ms)[0m  [1m[34mSELECT "schema_migrations"."version" FROM "schema_migrations" ORDER BY "schema_migrations"."version" ASC[0m
Started GET "/" for 127.0.0.1 at 2024-04-30 17:10:41 +0900
  [1m[36mActiveRecord::SchemaMigration Load (0.3ms)[0m  [1m[34mSELECT "schema_migrations"."version" FROM "schema_migrations" ORDER BY "schema_migrations"."version" ASC[0m
Processing by Rails::WelcomeController#index as HTML
  Rendering /home/yukishishido/.rbenv/versions/3.0.3/lib/ruby/gems/3.0.0/gems/railties-7.1.3.2/lib/rails/templates/rails/welcome/index.html.erb
  Rendered /home/yukishishido/.rbenv/versions/3.0.3/lib/ruby/gems/3.0.0/gems/railties-7.1.3.2/lib/rails/templates/rails/welcome/index.html.erb (Duration: 1.9ms | Allocations: 575)
Completed 200 OK in 223ms (Views: 41.2ms | ActiveRecord: 0.0ms | Allocations: 11276)


Started GET "/" for 127.0.0.1 at 2024-04-30 17:11:59 +0900
Processing by HomeController#index as HTML
  Rendering layout layouts/application.html.erb
  Rendering home/index.html.erb within layouts/application
  Rendered home/index.html.erb within layouts/application (Duration: 4.3ms | Allocations: 821)
  Rendered layout layouts/application.html.erb (Duration: 395.0ms | Allocations: 100792)
Completed 200 OK in 399ms (Views: 397.3ms | ActiveRecord: 0.0ms | Allocations: 102217)


Started GET "/users/sign_up" for 127.0.0.1 at 2024-04-30 17:12:26 +0900
Processing by Devise::RegistrationsController#new as HTML
  Rendering layout layouts/application.html.erb
  Rendering /home/yukishishido/.rbenv/versions/3.0.3/lib/ruby/gems/3.0.0/gems/devise-4.9.4/app/views/devise/registrations/new.html.erb within layouts/application
  Rendered /home/yukishishido/.rbenv/versions/3.0.3/lib/ruby/gems/3.0.0/gems/devise-4.9.4/app/views/devise/shared/_error_messages.html.erb (Duration: 0.8ms | Allocations: 284)
  Rendered /home/yukishishido/.rbenv/versions/3.0.3/lib/ruby/gems/3.0.0/gems/devise-4.9.4/app/views/devise/shared/_links.html.erb (Duration: 1.3ms | Allocations: 622)
  Rendered /home/yukishishido/.rbenv/versions/3.0.3/lib/ruby/gems/3.0.0/gems/devise-4.9.4/app/views/devise/registrations/new.html.erb within layouts/application (Duration: 19.2ms | Allocations: 5369)
  Rendered layout layouts/application.html.erb (Duration: 22.0ms | Allocations: 6702)
Completed 200 OK in 333ms (Views: 28.5ms | ActiveRecord: 2.5ms | Allocations: 123314)


Started POST "/users" for 127.0.0.1 at 2024-04-30 17:12:38 +0900
Processing by Devise::RegistrationsController#create as TURBO_STREAM
  Parameters: {"authenticity_token"=>"[FILTERED]", "user"=>{"email"=>"testtest@gmail.com", "password"=>"[FILTERED]", "password_confirmation"=>"[FILTERED]"}, "commit"=>"Sign up"}
  [1m[36mTRANSACTION (0.1ms)[0m  [1m[36mbegin transaction[0m
  [1m[36mUser Exists? (2.2ms)[0m  [1m[34mSELECT 1 AS one FROM "users" WHERE "users"."email" = ? LIMIT ?[0m  [["email", "testtest@gmail.com"], ["LIMIT", 1]]
  [1m[36mUser Create (0.2ms)[0m  [1m[32mINSERT INTO "users" ("email", "encrypted_password", "reset_password_token", "reset_password_sent_at", "remember_created_at", "created_at", "updated_at") VALUES (?, ?, ?, ?, ?, ?, ?) RETURNING "id"[0m  [["email", "testtest@gmail.com"], ["encrypted_password", "[FILTERED]"], ["reset_password_token", "[FILTERED]"], ["reset_password_sent_at", "[FILTERED]"], ["remember_created_at", nil], ["created_at", "2024-04-30 08:12:39.163822"], ["updated_at", "2024-04-30 08:12:39.163822"]]
  [1m[36mTRANSACTION (6.5ms)[0m  [1m[36mcommit transaction[0m
Redirected to http://127.0.0.1:3000/
Completed 303 See Other in 327ms (ActiveRecord: 9.0ms | Allocations: 17668)


Started GET "/" for 127.0.0.1 at 2024-04-30 17:12:39 +0900
Processing by HomeController#index as TURBO_STREAM
  Rendering layout layouts/application.html.erb
  Rendering home/index.html.erb within layouts/application
  [1m[36mUser Load (0.2ms)[0m  [1m[34mSELECT "users".* FROM "users" WHERE "users"."id" = ? ORDER BY "users"."id" ASC LIMIT ?[0m  [["id", 1], ["LIMIT", 1]]
  ↳ app/views/home/index.html.erb:3
  Rendered home/index.html.erb within layouts/application (Duration: 5.1ms | Allocations: 2027)
  Rendered layout layouts/application.html.erb (Duration: 8.1ms | Allocations: 3320)
Completed 200 OK in 10ms (Views: 9.1ms | ActiveRecord: 0.2ms | Allocations: 3736)


Started GET "/users/sign_out" for 127.0.0.1 at 2024-04-30 17:12:41 +0900
  
ActionController::RoutingError (No route matches [GET] "/users/sign_out"):
  
Started GET "/users/sign_out" for 127.0.0.1 at 2024-04-30 17:13:38 +0900
  
ActionController::RoutingError (No route matches [GET] "/users/sign_out"):
  
Started GET "/" for 127.0.0.1 at 2024-04-30 17:13:43 +0900
Processing by HomeController#index as HTML
  Rendering layout layouts/application.html.erb
  Rendering home/index.html.erb within layouts/application
  [1m[36mUser Load (8.7ms)[0m  [1m[34mSELECT "users".* FROM "users" WHERE "users"."id" = ? ORDER BY "users"."id" ASC LIMIT ?[0m  [["id", 1], ["LIMIT", 1]]
  ↳ app/views/home/index.html.erb:3
  Rendered home/index.html.erb within layouts/application (Duration: 13.1ms | Allocations: 1252)
  Rendered layout layouts/application.html.erb (Duration: 16.8ms | Allocations: 2537)
Completed 200 OK in 19ms (Views: 9.6ms | ActiveRecord: 8.7ms | Allocations: 2882)


Started GET "/users/sign_out" for 127.0.0.1 at 2024-04-30 17:13:45 +0900
  
ActionController::RoutingError (No route matches [GET] "/users/sign_out"):
  
Started GET "/users/sign_out" for 127.0.0.1 at 2024-04-30 17:14:00 +0900
  [1m[36mActiveRecord::SchemaMigration Load (0.1ms)[0m  [1m[34mSELECT "schema_migrations"."version" FROM "schema_migrations" ORDER BY "schema_migrations"."version" ASC[0m
Processing by Devise::SessionsController#destroy as HTML
  [1m[36mUser Load (0.2ms)[0m  [1m[34mSELECT "users".* FROM "users" WHERE "users"."id" = ? ORDER BY "users"."id" ASC LIMIT ?[0m  [["id", 1], ["LIMIT", 1]]
Redirected to http://127.0.0.1:3000/
Completed 303 See Other in 170ms (ActiveRecord: 8.0ms | Allocations: 124759)


Started GET "/" for 127.0.0.1 at 2024-04-30 17:14:00 +0900
Processing by HomeController#index as HTML
  Rendering layout layouts/application.html.erb
  Rendering home/index.html.erb within layouts/application
  Rendered home/index.html.erb within layouts/application (Duration: 4.3ms | Allocations: 898)
  Rendered layout layouts/application.html.erb (Duration: 230.8ms | Allocations: 34292)
Completed 200 OK in 246ms (Views: 240.6ms | ActiveRecord: 0.0ms | Allocations: 38727)


Started GET "/users/sign_in" for 127.0.0.1 at 2024-04-30 17:14:02 +0900
Processing by Devise::SessionsController#new as HTML
  Rendering layout layouts/application.html.erb
  Rendering /home/yukishishido/.rbenv/versions/3.0.3/lib/ruby/gems/3.0.0/gems/devise-4.9.4/app/views/devise/sessions/new.html.erb within layouts/application
  Rendered /home/yukishishido/.rbenv/versions/3.0.3/lib/ruby/gems/3.0.0/gems/devise-4.9.4/app/views/devise/shared/_links.html.erb (Duration: 1.6ms | Allocations: 681)
  Rendered /home/yukishishido/.rbenv/versions/3.0.3/lib/ruby/gems/3.0.0/gems/devise-4.9.4/app/views/devise/sessions/new.html.erb within layouts/application (Duration: 15.1ms | Allocations: 4852)
  Rendered layout layouts/application.html.erb (Duration: 18.0ms | Allocations: 6173)
Completed 200 OK in 26ms (Views: 21.8ms | ActiveRecord: 0.0ms | Allocations: 8414)


Started POST "/users/sign_in" for 127.0.0.1 at 2024-04-30 17:14:10 +0900
Processing by Devise::SessionsController#create as TURBO_STREAM
  Parameters: {"authenticity_token"=>"[FILTERED]", "user"=>{"email"=>"testtest@gmail.com", "password"=>"[FILTERED]", "remember_me"=>"0"}, "commit"=>"Log in"}
  [1m[36mUser Load (0.4ms)[0m  [1m[34mSELECT "users".* FROM "users" WHERE "users"."email" = ? ORDER BY "users"."id" ASC LIMIT ?[0m  [["email", "testtest@gmail.com"], ["LIMIT", 1]]
Completed 401 Unauthorized in 268ms (ActiveRecord: 0.3ms | Allocations: 3587)


Processing by Devise::SessionsController#new as TURBO_STREAM
  Parameters: {"authenticity_token"=>"[FILTERED]", "user"=>{"email"=>"testtest@gmail.com", "password"=>"[FILTERED]", "remember_me"=>"0"}, "commit"=>"Log in"}
  Rendering layout layouts/application.html.erb
  Rendering /home/yukishishido/.rbenv/versions/3.0.3/lib/ruby/gems/3.0.0/gems/devise-4.9.4/app/views/devise/sessions/new.html.erb within layouts/application
  Rendered /home/yukishishido/.rbenv/versions/3.0.3/lib/ruby/gems/3.0.0/gems/devise-4.9.4/app/views/devise/shared/_links.html.erb (Duration: 0.2ms | Allocations: 128)
  Rendered /home/yukishishido/.rbenv/versions/3.0.3/lib/ruby/gems/3.0.0/gems/devise-4.9.4/app/views/devise/sessions/new.html.erb within layouts/application (Duration: 2.2ms | Allocations: 1020)
  Rendered layout layouts/application.html.erb (Duration: 4.4ms | Allocations: 2272)
Completed 200 OK in 262ms (Views: 5.5ms | ActiveRecord: 0.0ms | Allocations: 3054)


Started POST "/users/sign_in" for 127.0.0.1 at 2024-04-30 17:14:14 +0900
Processing by Devise::SessionsController#create as TURBO_STREAM
  Parameters: {"authenticity_token"=>"[FILTERED]", "user"=>{"email"=>"testtest@gmail.com", "password"=>"[FILTERED]", "remember_me"=>"0"}, "commit"=>"Log in"}
  [1m[36mUser Load (0.1ms)[0m  [1m[34mSELECT "users".* FROM "users" WHERE "users"."email" = ? ORDER BY "users"."id" ASC LIMIT ?[0m  [["email", "testtest@gmail.com"], ["LIMIT", 1]]
Redirected to http://127.0.0.1:3000/
Completed 303 See Other in 247ms (ActiveRecord: 0.1ms | Allocations: 4000)


Started GET "/" for 127.0.0.1 at 2024-04-30 17:14:14 +0900
Processing by HomeController#index as TURBO_STREAM
  Rendering layout layouts/application.html.erb
  Rendering home/index.html.erb within layouts/application
  [1m[36mUser Load (0.2ms)[0m  [1m[34mSELECT "users".* FROM "users" WHERE "users"."id" = ? ORDER BY "users"."id" ASC LIMIT ?[0m  [["id", 1], ["LIMIT", 1]]
  ↳ app/views/home/index.html.erb:3
  Rendered home/index.html.erb within layouts/application (Duration: 4.7ms | Allocations: 1318)
  Rendered layout layouts/application.html.erb (Duration: 8.0ms | Allocations: 2616)
Completed 200 OK in 24ms (Views: 22.6ms | ActiveRecord: 0.2ms | Allocations: 3030)


Started GET "/users/sign_out" for 127.0.0.1 at 2024-04-30 17:14:16 +0900
Processing by Devise::SessionsController#destroy as HTML
  [1m[36mUser Load (0.1ms)[0m  [1m[34mSELECT "users".* FROM "users" WHERE "users"."id" = ? ORDER BY "users"."id" ASC LIMIT ?[0m  [["id", 1], ["LIMIT", 1]]
Redirected to http://127.0.0.1:3000/
Completed 303 See Other in 5ms (ActiveRecord: 0.1ms | Allocations: 1983)


Started GET "/" for 127.0.0.1 at 2024-04-30 17:14:16 +0900
Processing by HomeController#index as HTML
  Rendering layout layouts/application.html.erb
  Rendering home/index.html.erb within layouts/application
  Rendered home/index.html.erb within layouts/application (Duration: 1.3ms | Allocations: 350)
  Rendered layout layouts/application.html.erb (Duration: 5.1ms | Allocations: 1523)
Completed 200 OK in 10ms (Views: 6.3ms | ActiveRecord: 0.0ms | Allocations: 1835)


  [1m[36mActiveRecord::InternalMetadata Load (0.1ms)[0m  [1m[34mSELECT * FROM "ar_internal_metadata" WHERE "ar_internal_metadata"."key" = ? ORDER BY "ar_internal_metadata"."key" ASC LIMIT 1[0m  [[nil, "environment"]]
  [1m[36mActiveRecord::SchemaMigration Load (0.1ms)[0m  [1m[34mSELECT "schema_migrations"."version" FROM "schema_migrations" ORDER BY "schema_migrations"."version" ASC[0m
Migrating to CreateMessages (20240327111511)
  [1m[36mTRANSACTION (0.1ms)[0m  [1m[36mbegin transaction[0m
  [1m[35m (1.1ms)[0m  [1m[35mCREATE TABLE "messages" ("id" integer PRIMARY KEY AUTOINCREMENT NOT NULL, "user_id" integer, "content" varchar, "created_at" datetime(6) NOT NULL, "updated_at" datetime(6) NOT NULL)[0m
  [1m[35m (0.1ms)[0m  [1m[35mCREATE INDEX "index_messages_on_user_id" ON "messages" ("user_id")[0m
  [1m[36mActiveRecord::SchemaMigration Create (0.6ms)[0m  [1m[32mINSERT INTO "schema_migrations" ("version") VALUES ('20240327111511') RETURNING "version"[0m
  [1m[36mTRANSACTION (5.4ms)[0m  [1m[36mcommit transaction[0m
  [1m[36mActiveRecord::SchemaMigration Load (0.1ms)[0m  [1m[34mSELECT "schema_migrations"."version" FROM "schema_migrations" ORDER BY "schema_migrations"."version" ASC[0m
Started GET "/" for 127.0.0.1 at 2024-04-30 17:16:40 +0900
  [1m[36mActiveRecord::SchemaMigration Load (0.1ms)[0m  [1m[34mSELECT "schema_migrations"."version" FROM "schema_migrations" ORDER BY "schema_migrations"."version" ASC[0m
Processing by HomeController#index as HTML
  Rendering layout layouts/application.html.erb
  Rendering home/index.html.erb within layouts/application
  Rendered home/index.html.erb within layouts/application (Duration: 1.5ms | Allocations: 715)
  Rendered layout layouts/application.html.erb (Duration: 17.8ms | Allocations: 15868)
Completed 200 OK in 21ms (Views: 19.6ms | ActiveRecord: 0.0ms | Allocations: 17195)


  [1m[36mActiveRecord::InternalMetadata Load (0.1ms)[0m  [1m[34mSELECT * FROM "ar_internal_metadata" WHERE "ar_internal_metadata"."key" = ? ORDER BY "ar_internal_metadata"."key" ASC LIMIT 1[0m  [[nil, "environment"]]
  [1m[36mActiveRecord::SchemaMigration Load (0.1ms)[0m  [1m[34mSELECT "schema_migrations"."version" FROM "schema_migrations" ORDER BY "schema_migrations"."version" ASC[0m
Migrating to CreateLikes (20240403082241)
  [1m[36mTRANSACTION (0.1ms)[0m  [1m[36mbegin transaction[0m
  [1m[35m (1.3ms)[0m  [1m[35mCREATE TABLE "likes" ("id" integer PRIMARY KEY AUTOINCREMENT NOT NULL, "created_at" datetime(6) NOT NULL, "updated_at" datetime(6) NOT NULL)[0m
  [1m[36mActiveRecord::SchemaMigration Create (0.1ms)[0m  [1m[32mINSERT INTO "schema_migrations" ("version") VALUES ('20240403082241') RETURNING "version"[0m
  [1m[36mTRANSACTION (6.7ms)[0m  [1m[36mcommit transaction[0m
  [1m[36mActiveRecord::SchemaMigration Load (0.1ms)[0m  [1m[34mSELECT "schema_migrations"."version" FROM "schema_migrations" ORDER BY "schema_migrations"."version" ASC[0m
  [1m[36mActiveRecord::InternalMetadata Load (0.1ms)[0m  [1m[34mSELECT * FROM "ar_internal_metadata" WHERE "ar_internal_metadata"."key" = ? ORDER BY "ar_internal_metadata"."key" ASC LIMIT 1[0m  [[nil, "environment"]]
  [1m[36mActiveRecord::SchemaMigration Load (0.1ms)[0m  [1m[34mSELECT "schema_migrations"."version" FROM "schema_migrations" ORDER BY "schema_migrations"."version" ASC[0m
  [1m[36mActiveRecord::SchemaMigration Load (0.0ms)[0m  [1m[34mSELECT "schema_migrations"."version" FROM "schema_migrations" ORDER BY "schema_migrations"."version" ASC[0m
